(0.000) 
                SELECT VERSION(),
                       @@sql_mode,
                       @@default_storage_engine,
                       @@sql_auto_is_null,
                       @@lower_case_table_names,
                       CONVERT_TZ('2001-01-01 01:00:00', 'UTC', 'UTC') IS NOT NULL
            ; args=None; alias=default
(0.000) SET SESSION TRANSACTION ISOLATION LEVEL READ COMMITTED; args=None; alias=default
(0.000) SELECT `gestion_usuarios_users`.`id`, `gestion_usuarios_users`.`password`, `gestion_usuarios_users`.`last_login`, `gestion_usuarios_users`.`is_superuser`, `gestion_usuarios_users`.`nombre`, `gestion_usuarios_users`.`apellido`, `gestion_usuarios_users`.`telefono`, `gestion_usuarios_users`.`role`, `gestion_usuarios_users`.`is_active`, `gestion_usuarios_users`.`archivado_en`, `gestion_usuarios_users`.`is_staff`, `gestion_usuarios_users`.`intentos_fallidos`, `gestion_usuarios_users`.`must_change_password` FROM `gestion_usuarios_users` WHERE `gestion_usuarios_users`.`id` = 1 LIMIT 21; args=(1,); alias=default
(0.000) SELECT `auth_permission`.`id`, `auth_permission`.`name`, `auth_permission`.`content_type_id`, `auth_permission`.`codename` FROM `auth_permission` INNER JOIN `gestion_usuarios_users_user_permissions` ON (`auth_permission`.`id` = `gestion_usuarios_users_user_permissions`.`permission_id`) INNER JOIN `django_content_type` ON (`auth_permission`.`content_type_id` = `django_content_type`.`id`) WHERE `gestion_usuarios_users_user_permissions`.`users_id` = 1 ORDER BY `django_content_type`.`app_label` ASC, `django_content_type`.`model` ASC, `auth_permission`.`codename` ASC; args=(1,); alias=default
"GET /usuarios/me/ HTTP/1.1" 200 207
(0.000) SET SESSION TRANSACTION ISOLATION LEVEL READ COMMITTED; args=None; alias=default
(0.015) SELECT `gestion_usuarios_users`.`id`, `gestion_usuarios_users`.`password`, `gestion_usuarios_users`.`last_login`, `gestion_usuarios_users`.`is_superuser`, `gestion_usuarios_users`.`nombre`, `gestion_usuarios_users`.`apellido`, `gestion_usuarios_users`.`telefono`, `gestion_usuarios_users`.`role`, `gestion_usuarios_users`.`is_active`, `gestion_usuarios_users`.`archivado_en`, `gestion_usuarios_users`.`is_staff`, `gestion_usuarios_users`.`intentos_fallidos`, `gestion_usuarios_users`.`must_change_password` FROM `gestion_usuarios_users` WHERE `gestion_usuarios_users`.`id` = 1 LIMIT 21; args=(1,); alias=default
(0.000) SELECT `auth_permission`.`id`, `auth_permission`.`name`, `auth_permission`.`content_type_id`, `auth_permission`.`codename` FROM `auth_permission` INNER JOIN `gestion_usuarios_users_user_permissions` ON (`auth_permission`.`id` = `gestion_usuarios_users_user_permissions`.`permission_id`) INNER JOIN `django_content_type` ON (`auth_permission`.`content_type_id` = `django_content_type`.`id`) WHERE `gestion_usuarios_users_user_permissions`.`users_id` = 1 ORDER BY `django_content_type`.`app_label` ASC, `django_content_type`.`model` ASC, `auth_permission`.`codename` ASC; args=(1,); alias=default
"GET /usuarios/me/ HTTP/1.1" 200 207
(0.000) SET SESSION TRANSACTION ISOLATION LEVEL READ COMMITTED; args=None; alias=default
(0.000) SELECT `gestion_usuarios_users`.`id`, `gestion_usuarios_users`.`password`, `gestion_usuarios_users`.`last_login`, `gestion_usuarios_users`.`is_superuser`, `gestion_usuarios_users`.`nombre`, `gestion_usuarios_users`.`apellido`, `gestion_usuarios_users`.`telefono`, `gestion_usuarios_users`.`role`, `gestion_usuarios_users`.`is_active`, `gestion_usuarios_users`.`archivado_en`, `gestion_usuarios_users`.`is_staff`, `gestion_usuarios_users`.`intentos_fallidos`, `gestion_usuarios_users`.`must_change_password` FROM `gestion_usuarios_users` WHERE `gestion_usuarios_users`.`id` = 1 LIMIT 21; args=(1,); alias=default
(0.000) SELECT `django_content_type`.`app_label`, `auth_permission`.`codename` FROM `auth_permission` INNER JOIN `django_content_type` ON (`auth_permission`.`content_type_id` = `django_content_type`.`id`); args=(); alias=default
(0.000) SELECT `django_content_type`.`app_label`, `auth_permission`.`codename` FROM `auth_permission` INNER JOIN `django_content_type` ON (`auth_permission`.`content_type_id` = `django_content_type`.`id`); args=(); alias=default
"GET /usuarios/me/permissions/ HTTP/1.1" 200 2116
(0.000) SET SESSION TRANSACTION ISOLATION LEVEL READ COMMITTED; args=None; alias=default
(0.000) SELECT `gestion_usuarios_users`.`id`, `gestion_usuarios_users`.`password`, `gestion_usuarios_users`.`last_login`, `gestion_usuarios_users`.`is_superuser`, `gestion_usuarios_users`.`nombre`, `gestion_usuarios_users`.`apellido`, `gestion_usuarios_users`.`telefono`, `gestion_usuarios_users`.`role`, `gestion_usuarios_users`.`is_active`, `gestion_usuarios_users`.`archivado_en`, `gestion_usuarios_users`.`is_staff`, `gestion_usuarios_users`.`intentos_fallidos`, `gestion_usuarios_users`.`must_change_password` FROM `gestion_usuarios_users` WHERE `gestion_usuarios_users`.`id` = 1 LIMIT 21; args=(1,); alias=default
(0.000) SELECT `django_content_type`.`app_label`, `auth_permission`.`codename` FROM `auth_permission` INNER JOIN `django_content_type` ON (`auth_permission`.`content_type_id` = `django_content_type`.`id`); args=(); alias=default
(0.000) SELECT `django_content_type`.`app_label`, `auth_permission`.`codename` FROM `auth_permission` INNER JOIN `django_content_type` ON (`auth_permission`.`content_type_id` = `django_content_type`.`id`); args=(); alias=default
"GET /usuarios/me/permissions/ HTTP/1.1" 200 2116
(0.000) SET SESSION TRANSACTION ISOLATION LEVEL READ COMMITTED; args=None; alias=default
(0.000) SELECT `gestion_usuarios_users`.`id`, `gestion_usuarios_users`.`password`, `gestion_usuarios_users`.`last_login`, `gestion_usuarios_users`.`is_superuser`, `gestion_usuarios_users`.`nombre`, `gestion_usuarios_users`.`apellido`, `gestion_usuarios_users`.`telefono`, `gestion_usuarios_users`.`role`, `gestion_usuarios_users`.`is_active`, `gestion_usuarios_users`.`archivado_en`, `gestion_usuarios_users`.`is_staff`, `gestion_usuarios_users`.`intentos_fallidos`, `gestion_usuarios_users`.`must_change_password` FROM `gestion_usuarios_users` WHERE `gestion_usuarios_users`.`id` = 1 LIMIT 21; args=(1,); alias=default
(0.000) SELECT COUNT(*) AS `__count` FROM `gestion_huerta_categoriainversion` WHERE `gestion_huerta_categoriainversion`.`is_active` = 1; args=(True,); alias=default
(0.000) SELECT `gestion_huerta_categoriainversion`.`id`, `gestion_huerta_categoriainversion`.`nombre`, `gestion_huerta_categoriainversion`.`is_active`, `gestion_huerta_categoriainversion`.`archivado_en` FROM `gestion_huerta_categoriainversion` WHERE `gestion_huerta_categoriainversion`.`is_active` = 1 ORDER BY `gestion_huerta_categoriainversion`.`id` ASC LIMIT 1; args=(True,); alias=default
"GET /huerta/categorias-inversion/?page=1&page_size=100 HTTP/1.1" 200 304
(0.000) SET SESSION TRANSACTION ISOLATION LEVEL READ COMMITTED; args=None; alias=default
(0.000) SELECT `gestion_usuarios_users`.`id`, `gestion_usuarios_users`.`password`, `gestion_usuarios_users`.`last_login`, `gestion_usuarios_users`.`is_superuser`, `gestion_usuarios_users`.`nombre`, `gestion_usuarios_users`.`apellido`, `gestion_usuarios_users`.`telefono`, `gestion_usuarios_users`.`role`, `gestion_usuarios_users`.`is_active`, `gestion_usuarios_users`.`archivado_en`, `gestion_usuarios_users`.`is_staff`, `gestion_usuarios_users`.`intentos_fallidos`, `gestion_usuarios_users`.`must_change_password` FROM `gestion_usuarios_users` WHERE `gestion_usuarios_users`.`id` = 1 LIMIT 21; args=(1,); alias=default
(0.015) SELECT COUNT(*) AS `__count` FROM `gestion_huerta_categoriainversion` WHERE `gestion_huerta_categoriainversion`.`is_active` = 1; args=(True,); alias=default
(0.000) SELECT `gestion_huerta_categoriainversion`.`id`, `gestion_huerta_categoriainversion`.`nombre`, `gestion_huerta_categoriainversion`.`is_active`, `gestion_huerta_categoriainversion`.`archivado_en` FROM `gestion_huerta_categoriainversion` WHERE `gestion_huerta_categoriainversion`.`is_active` = 1 ORDER BY `gestion_huerta_categoriainversion`.`id` ASC LIMIT 1; args=(True,); alias=default
"GET /huerta/categorias-inversion/?page=1&page_size=100 HTTP/1.1" 200 304
(0.016) SET SESSION TRANSACTION ISOLATION LEVEL READ COMMITTED; args=None; alias=default
(0.000) SELECT `gestion_usuarios_users`.`id`, `gestion_usuarios_users`.`password`, `gestion_usuarios_users`.`last_login`, `gestion_usuarios_users`.`is_superuser`, `gestion_usuarios_users`.`nombre`, `gestion_usuarios_users`.`apellido`, `gestion_usuarios_users`.`telefono`, `gestion_usuarios_users`.`role`, `gestion_usuarios_users`.`is_active`, `gestion_usuarios_users`.`archivado_en`, `gestion_usuarios_users`.`is_staff`, `gestion_usuarios_users`.`intentos_fallidos`, `gestion_usuarios_users`.`must_change_password` FROM `gestion_usuarios_users` WHERE `gestion_usuarios_users`.`id` = 1 LIMIT 21; args=(1,); alias=default
(0.000) SELECT COUNT(*) AS `__count` FROM `gestion_huerta_categoriainversion` WHERE `gestion_huerta_categoriainversion`.`is_active` = 1; args=(True,); alias=default
(0.000) SELECT `gestion_huerta_categoriainversion`.`id`, `gestion_huerta_categoriainversion`.`nombre`, `gestion_huerta_categoriainversion`.`is_active`, `gestion_huerta_categoriainversion`.`archivado_en` FROM `gestion_huerta_categoriainversion` WHERE `gestion_huerta_categoriainversion`.`is_active` = 1 ORDER BY `gestion_huerta_categoriainversion`.`id` ASC LIMIT 1; args=(True,); alias=default
"GET /huerta/categorias-inversion/?page=1&page_size=100 HTTP/1.1" 200 304
(0.015) SET SESSION TRANSACTION ISOLATION LEVEL READ COMMITTED; args=None; alias=default
(0.000) SELECT `gestion_usuarios_users`.`id`, `gestion_usuarios_users`.`password`, `gestion_usuarios_users`.`last_login`, `gestion_usuarios_users`.`is_superuser`, `gestion_usuarios_users`.`nombre`, `gestion_usuarios_users`.`apellido`, `gestion_usuarios_users`.`telefono`, `gestion_usuarios_users`.`role`, `gestion_usuarios_users`.`is_active`, `gestion_usuarios_users`.`archivado_en`, `gestion_usuarios_users`.`is_staff`, `gestion_usuarios_users`.`intentos_fallidos`, `gestion_usuarios_users`.`must_change_password` FROM `gestion_usuarios_users` WHERE `gestion_usuarios_users`.`id` = 1 LIMIT 21; args=(1,); alias=default
(0.000) SELECT COUNT(*) AS `__count` FROM `gestion_huerta_categoriainversion` WHERE `gestion_huerta_categoriainversion`.`is_active` = 1; args=(True,); alias=default
(0.000) SELECT `gestion_huerta_categoriainversion`.`id`, `gestion_huerta_categoriainversion`.`nombre`, `gestion_huerta_categoriainversion`.`is_active`, `gestion_huerta_categoriainversion`.`archivado_en` FROM `gestion_huerta_categoriainversion` WHERE `gestion_huerta_categoriainversion`.`is_active` = 1 ORDER BY `gestion_huerta_categoriainversion`.`id` ASC LIMIT 1; args=(True,); alias=default
"GET /huerta/categorias-inversion/?page=1&page_size=100 HTTP/1.1" 200 304
"OPTIONS /huerta/temporadas/1/ HTTP/1.1" 200 0
"OPTIONS /huerta/temporadas/1/ HTTP/1.1" 200 0
(0.000) SET SESSION TRANSACTION ISOLATION LEVEL READ COMMITTED; args=None; alias=default
(0.000) SELECT `gestion_usuarios_users`.`id`, `gestion_usuarios_users`.`password`, `gestion_usuarios_users`.`last_login`, `gestion_usuarios_users`.`is_superuser`, `gestion_usuarios_users`.`nombre`, `gestion_usuarios_users`.`apellido`, `gestion_usuarios_users`.`telefono`, `gestion_usuarios_users`.`role`, `gestion_usuarios_users`.`is_active`, `gestion_usuarios_users`.`archivado_en`, `gestion_usuarios_users`.`is_staff`, `gestion_usuarios_users`.`intentos_fallidos`, `gestion_usuarios_users`.`must_change_password` FROM `gestion_usuarios_users` WHERE `gestion_usuarios_users`.`id` = 1 LIMIT 21; args=(1,); alias=default
(0.016) SELECT `gestion_huerta_temporada`.`id`, `gestion_huerta_temporada`.`año`, `gestion_huerta_temporada`.`huerta_id`, `gestion_huerta_temporada`.`huerta_rentada_id`, `gestion_huerta_temporada`.`fecha_inicio`, `gestion_huerta_temporada`.`fecha_fin`, `gestion_huerta_temporada`.`finalizada`, `gestion_huerta_temporada`.`is_active`, `gestion_huerta_temporada`.`archivado_en`, `gestion_huerta_huerta`.`id`, `gestion_huerta_huerta`.`nombre`, `gestion_huerta_huerta`.`ubicacion`, `gestion_huerta_huerta`.`variedades`, `gestion_huerta_huerta`.`historial`, `gestion_huerta_huerta`.`hectareas`, `gestion_huerta_huerta`.`is_active`, `gestion_huerta_huerta`.`archivado_en`, `gestion_huerta_huerta`.`propietario_id`, `gestion_huerta_huertarentada`.`id`, `gestion_huerta_huertarentada`.`nombre`, `gestion_huerta_huertarentada`.`ubicacion`, `gestion_huerta_huertarentada`.`variedades`, `gestion_huerta_huertarentada`.`historial`, `gestion_huerta_huertarentada`.`hectareas`, `gestion_huerta_huertarentada`.`propietario_id`, `gestion_huerta_huertarentada`.`monto_renta`, `gestion_huerta_huertarentada`.`is_active`, `gestion_huerta_huertarentada`.`archivado_en` FROM `gestion_huerta_temporada` LEFT OUTER JOIN `gestion_huerta_huerta` ON (`gestion_huerta_temporada`.`huerta_id` = `gestion_huerta_huerta`.`id`) LEFT OUTER JOIN `gestion_huerta_huertarentada` ON (`gestion_huerta_temporada`.`huerta_rentada_id` = `gestion_huerta_huertarentada`.`id`) WHERE `gestion_huerta_temporada`.`id` = 1 LIMIT 21; args=(1,); alias=default
(0.000) SELECT `gestion_huerta_propietario`.`id`, `gestion_huerta_propietario`.`nombre`, `gestion_huerta_propietario`.`apellidos`, `gestion_huerta_propietario`.`telefono`, `gestion_huerta_propietario`.`direccion`, `gestion_huerta_propietario`.`is_active`, `gestion_huerta_propietario`.`archivado_en` FROM `gestion_huerta_propietario` WHERE `gestion_huerta_propietario`.`id` = 1 LIMIT 21; args=(1,); alias=default
"GET /huerta/temporadas/1/ HTTP/1.1" 200 231
(0.000) SET SESSION TRANSACTION ISOLATION LEVEL READ COMMITTED; args=None; alias=default
(0.000) SELECT `gestion_usuarios_users`.`id`, `gestion_usuarios_users`.`password`, `gestion_usuarios_users`.`last_login`, `gestion_usuarios_users`.`is_superuser`, `gestion_usuarios_users`.`nombre`, `gestion_usuarios_users`.`apellido`, `gestion_usuarios_users`.`telefono`, `gestion_usuarios_users`.`role`, `gestion_usuarios_users`.`is_active`, `gestion_usuarios_users`.`archivado_en`, `gestion_usuarios_users`.`is_staff`, `gestion_usuarios_users`.`intentos_fallidos`, `gestion_usuarios_users`.`must_change_password` FROM `gestion_usuarios_users` WHERE `gestion_usuarios_users`.`id` = 1 LIMIT 21; args=(1,); alias=default
(0.000) SELECT `gestion_huerta_temporada`.`id`, `gestion_huerta_temporada`.`año`, `gestion_huerta_temporada`.`huerta_id`, `gestion_huerta_temporada`.`huerta_rentada_id`, `gestion_huerta_temporada`.`fecha_inicio`, `gestion_huerta_temporada`.`fecha_fin`, `gestion_huerta_temporada`.`finalizada`, `gestion_huerta_temporada`.`is_active`, `gestion_huerta_temporada`.`archivado_en`, `gestion_huerta_huerta`.`id`, `gestion_huerta_huerta`.`nombre`, `gestion_huerta_huerta`.`ubicacion`, `gestion_huerta_huerta`.`variedades`, `gestion_huerta_huerta`.`historial`, `gestion_huerta_huerta`.`hectareas`, `gestion_huerta_huerta`.`is_active`, `gestion_huerta_huerta`.`archivado_en`, `gestion_huerta_huerta`.`propietario_id`, `gestion_huerta_huertarentada`.`id`, `gestion_huerta_huertarentada`.`nombre`, `gestion_huerta_huertarentada`.`ubicacion`, `gestion_huerta_huertarentada`.`variedades`, `gestion_huerta_huertarentada`.`historial`, `gestion_huerta_huertarentada`.`hectareas`, `gestion_huerta_huertarentada`.`propietario_id`, `gestion_huerta_huertarentada`.`monto_renta`, `gestion_huerta_huertarentada`.`is_active`, `gestion_huerta_huertarentada`.`archivado_en` FROM `gestion_huerta_temporada` LEFT OUTER JOIN `gestion_huerta_huerta` ON (`gestion_huerta_temporada`.`huerta_id` = `gestion_huerta_huerta`.`id`) LEFT OUTER JOIN `gestion_huerta_huertarentada` ON (`gestion_huerta_temporada`.`huerta_rentada_id` = `gestion_huerta_huertarentada`.`id`) WHERE `gestion_huerta_temporada`.`id` = 1 LIMIT 21; args=(1,); alias=default
(0.000) SELECT `gestion_huerta_propietario`.`id`, `gestion_huerta_propietario`.`nombre`, `gestion_huerta_propietario`.`apellidos`, `gestion_huerta_propietario`.`telefono`, `gestion_huerta_propietario`.`direccion`, `gestion_huerta_propietario`.`is_active`, `gestion_huerta_propietario`.`archivado_en` FROM `gestion_huerta_propietario` WHERE `gestion_huerta_propietario`.`id` = 1 LIMIT 21; args=(1,); alias=default
"GET /huerta/temporadas/1/ HTTP/1.1" 200 231
(0.000) SET SESSION TRANSACTION ISOLATION LEVEL READ COMMITTED; args=None; alias=default
(0.000) SELECT `gestion_usuarios_users`.`id`, `gestion_usuarios_users`.`password`, `gestion_usuarios_users`.`last_login`, `gestion_usuarios_users`.`is_superuser`, `gestion_usuarios_users`.`nombre`, `gestion_usuarios_users`.`apellido`, `gestion_usuarios_users`.`telefono`, `gestion_usuarios_users`.`role`, `gestion_usuarios_users`.`is_active`, `gestion_usuarios_users`.`archivado_en`, `gestion_usuarios_users`.`is_staff`, `gestion_usuarios_users`.`intentos_fallidos`, `gestion_usuarios_users`.`must_change_password` FROM `gestion_usuarios_users` WHERE `gestion_usuarios_users`.`id` = 1 LIMIT 21; args=(1,); alias=default
(0.000) SELECT COUNT(*) AS `__count` FROM `gestion_huerta_categoriainversion` WHERE `gestion_huerta_categoriainversion`.`is_active` = 1; args=(True,); alias=default
(0.000) SELECT `gestion_huerta_categoriainversion`.`id`, `gestion_huerta_categoriainversion`.`nombre`, `gestion_huerta_categoriainversion`.`is_active`, `gestion_huerta_categoriainversion`.`archivado_en` FROM `gestion_huerta_categoriainversion` WHERE `gestion_huerta_categoriainversion`.`is_active` = 1 ORDER BY `gestion_huerta_categoriainversion`.`id` ASC LIMIT 1; args=(True,); alias=default
"GET /huerta/categorias-inversion/?page=1&page_size=100 HTTP/1.1" 200 304
"OPTIONS /huerta/categorias-inversion/?page=1&page_size=100 HTTP/1.1" 200 0
"OPTIONS /huerta/categorias-inversion/?page=1&page_size=100 HTTP/1.1" 200 0
"OPTIONS /huerta/categorias-inversion/?page=1&page_size=100 HTTP/1.1" 200 0
"OPTIONS /huerta/categorias-inversion/?page=1&page_size=100 HTTP/1.1" 200 0
"OPTIONS /huerta/categorias-inversion/?page=1&page_size=100 HTTP/1.1" 200 0
"OPTIONS /huerta/categorias-inversion/?page=1&page_size=100 HTTP/1.1" 200 0
(0.000) 
                SELECT VERSION(),
                       @@sql_mode,
                       @@default_storage_engine,
                       @@sql_auto_is_null,
                       @@lower_case_table_names,
                       CONVERT_TZ('2001-01-01 01:00:00', 'UTC', 'UTC') IS NOT NULL
            ; args=None; alias=default
(0.000) SET SESSION TRANSACTION ISOLATION LEVEL READ COMMITTED; args=None; alias=default
(0.000) SELECT `gestion_usuarios_users`.`id`, `gestion_usuarios_users`.`password`, `gestion_usuarios_users`.`last_login`, `gestion_usuarios_users`.`is_superuser`, `gestion_usuarios_users`.`nombre`, `gestion_usuarios_users`.`apellido`, `gestion_usuarios_users`.`telefono`, `gestion_usuarios_users`.`role`, `gestion_usuarios_users`.`is_active`, `gestion_usuarios_users`.`archivado_en`, `gestion_usuarios_users`.`is_staff`, `gestion_usuarios_users`.`intentos_fallidos`, `gestion_usuarios_users`.`must_change_password` FROM `gestion_usuarios_users` WHERE `gestion_usuarios_users`.`id` = 1 LIMIT 21; args=(1,); alias=default
(0.000) SELECT `gestion_huerta_temporada`.`id`, `gestion_huerta_temporada`.`año`, `gestion_huerta_temporada`.`huerta_id`, `gestion_huerta_temporada`.`huerta_rentada_id`, `gestion_huerta_temporada`.`fecha_inicio`, `gestion_huerta_temporada`.`fecha_fin`, `gestion_huerta_temporada`.`finalizada`, `gestion_huerta_temporada`.`is_active`, `gestion_huerta_temporada`.`archivado_en`, `gestion_huerta_huerta`.`id`, `gestion_huerta_huerta`.`nombre`, `gestion_huerta_huerta`.`ubicacion`, `gestion_huerta_huerta`.`variedades`, `gestion_huerta_huerta`.`historial`, `gestion_huerta_huerta`.`hectareas`, `gestion_huerta_huerta`.`is_active`, `gestion_huerta_huerta`.`archivado_en`, `gestion_huerta_huerta`.`propietario_id`, `gestion_huerta_huertarentada`.`id`, `gestion_huerta_huertarentada`.`nombre`, `gestion_huerta_huertarentada`.`ubicacion`, `gestion_huerta_huertarentada`.`variedades`, `gestion_huerta_huertarentada`.`historial`, `gestion_huerta_huertarentada`.`hectareas`, `gestion_huerta_huertarentada`.`propietario_id`, `gestion_huerta_huertarentada`.`monto_renta`, `gestion_huerta_huertarentada`.`is_active`, `gestion_huerta_huertarentada`.`archivado_en` FROM `gestion_huerta_temporada` LEFT OUTER JOIN `gestion_huerta_huerta` ON (`gestion_huerta_temporada`.`huerta_id` = `gestion_huerta_huerta`.`id`) LEFT OUTER JOIN `gestion_huerta_huertarentada` ON (`gestion_huerta_temporada`.`huerta_rentada_id` = `gestion_huerta_huertarentada`.`id`) WHERE `gestion_huerta_temporada`.`id` = 1 LIMIT 21; args=(1,); alias=default
(0.000) SELECT `gestion_huerta_propietario`.`id`, `gestion_huerta_propietario`.`nombre`, `gestion_huerta_propietario`.`apellidos`, `gestion_huerta_propietario`.`telefono`, `gestion_huerta_propietario`.`direccion`, `gestion_huerta_propietario`.`is_active`, `gestion_huerta_propietario`.`archivado_en` FROM `gestion_huerta_propietario` WHERE `gestion_huerta_propietario`.`id` = 1 LIMIT 21; args=(1,); alias=default
"GET /huerta/temporadas/1/ HTTP/1.1" 200 231
(0.000) SET SESSION TRANSACTION ISOLATION LEVEL READ COMMITTED; args=None; alias=default
(0.000) SELECT `gestion_usuarios_users`.`id`, `gestion_usuarios_users`.`password`, `gestion_usuarios_users`.`last_login`, `gestion_usuarios_users`.`is_superuser`, `gestion_usuarios_users`.`nombre`, `gestion_usuarios_users`.`apellido`, `gestion_usuarios_users`.`telefono`, `gestion_usuarios_users`.`role`, `gestion_usuarios_users`.`is_active`, `gestion_usuarios_users`.`archivado_en`, `gestion_usuarios_users`.`is_staff`, `gestion_usuarios_users`.`intentos_fallidos`, `gestion_usuarios_users`.`must_change_password` FROM `gestion_usuarios_users` WHERE `gestion_usuarios_users`.`id` = 1 LIMIT 21; args=(1,); alias=default
(0.015) SELECT COUNT(*) AS `__count` FROM `gestion_huerta_categoriainversion` WHERE `gestion_huerta_categoriainversion`.`is_active` = 1; args=(True,); alias=default
(0.000) SELECT `gestion_huerta_categoriainversion`.`id`, `gestion_huerta_categoriainversion`.`nombre`, `gestion_huerta_categoriainversion`.`is_active`, `gestion_huerta_categoriainversion`.`archivado_en` FROM `gestion_huerta_categoriainversion` WHERE `gestion_huerta_categoriainversion`.`is_active` = 1 ORDER BY `gestion_huerta_categoriainversion`.`id` ASC LIMIT 1; args=(True,); alias=default
"GET /huerta/categorias-inversion/?page=1&page_size=100 HTTP/1.1" 200 304
(0.000) SET SESSION TRANSACTION ISOLATION LEVEL READ COMMITTED; args=None; alias=default
(0.000) SELECT `gestion_usuarios_users`.`id`, `gestion_usuarios_users`.`password`, `gestion_usuarios_users`.`last_login`, `gestion_usuarios_users`.`is_superuser`, `gestion_usuarios_users`.`nombre`, `gestion_usuarios_users`.`apellido`, `gestion_usuarios_users`.`telefono`, `gestion_usuarios_users`.`role`, `gestion_usuarios_users`.`is_active`, `gestion_usuarios_users`.`archivado_en`, `gestion_usuarios_users`.`is_staff`, `gestion_usuarios_users`.`intentos_fallidos`, `gestion_usuarios_users`.`must_change_password` FROM `gestion_usuarios_users` WHERE `gestion_usuarios_users`.`id` = 1 LIMIT 21; args=(1,); alias=default
(0.000) SELECT `gestion_huerta_temporada`.`id`, `gestion_huerta_temporada`.`año`, `gestion_huerta_temporada`.`huerta_id`, `gestion_huerta_temporada`.`huerta_rentada_id`, `gestion_huerta_temporada`.`fecha_inicio`, `gestion_huerta_temporada`.`fecha_fin`, `gestion_huerta_temporada`.`finalizada`, `gestion_huerta_temporada`.`is_active`, `gestion_huerta_temporada`.`archivado_en`, `gestion_huerta_huerta`.`id`, `gestion_huerta_huerta`.`nombre`, `gestion_huerta_huerta`.`ubicacion`, `gestion_huerta_huerta`.`variedades`, `gestion_huerta_huerta`.`historial`, `gestion_huerta_huerta`.`hectareas`, `gestion_huerta_huerta`.`is_active`, `gestion_huerta_huerta`.`archivado_en`, `gestion_huerta_huerta`.`propietario_id`, `gestion_huerta_huertarentada`.`id`, `gestion_huerta_huertarentada`.`nombre`, `gestion_huerta_huertarentada`.`ubicacion`, `gestion_huerta_huertarentada`.`variedades`, `gestion_huerta_huertarentada`.`historial`, `gestion_huerta_huertarentada`.`hectareas`, `gestion_huerta_huertarentada`.`propietario_id`, `gestion_huerta_huertarentada`.`monto_renta`, `gestion_huerta_huertarentada`.`is_active`, `gestion_huerta_huertarentada`.`archivado_en` FROM `gestion_huerta_temporada` LEFT OUTER JOIN `gestion_huerta_huerta` ON (`gestion_huerta_temporada`.`huerta_id` = `gestion_huerta_huerta`.`id`) LEFT OUTER JOIN `gestion_huerta_huertarentada` ON (`gestion_huerta_temporada`.`huerta_rentada_id` = `gestion_huerta_huertarentada`.`id`) WHERE `gestion_huerta_temporada`.`id` = 1 LIMIT 21; args=(1,); alias=default
(0.000) SELECT `gestion_huerta_propietario`.`id`, `gestion_huerta_propietario`.`nombre`, `gestion_huerta_propietario`.`apellidos`, `gestion_huerta_propietario`.`telefono`, `gestion_huerta_propietario`.`direccion`, `gestion_huerta_propietario`.`is_active`, `gestion_huerta_propietario`.`archivado_en` FROM `gestion_huerta_propietario` WHERE `gestion_huerta_propietario`.`id` = 1 LIMIT 21; args=(1,); alias=default
"GET /huerta/temporadas/1/ HTTP/1.1" 200 231
(0.000) SET SESSION TRANSACTION ISOLATION LEVEL READ COMMITTED; args=None; alias=default
(0.000) SELECT `gestion_usuarios_users`.`id`, `gestion_usuarios_users`.`password`, `gestion_usuarios_users`.`last_login`, `gestion_usuarios_users`.`is_superuser`, `gestion_usuarios_users`.`nombre`, `gestion_usuarios_users`.`apellido`, `gestion_usuarios_users`.`telefono`, `gestion_usuarios_users`.`role`, `gestion_usuarios_users`.`is_active`, `gestion_usuarios_users`.`archivado_en`, `gestion_usuarios_users`.`is_staff`, `gestion_usuarios_users`.`intentos_fallidos`, `gestion_usuarios_users`.`must_change_password` FROM `gestion_usuarios_users` WHERE `gestion_usuarios_users`.`id` = 1 LIMIT 21; args=(1,); alias=default
(0.016) SELECT COUNT(*) AS `__count` FROM `gestion_huerta_categoriainversion` WHERE `gestion_huerta_categoriainversion`.`is_active` = 1; args=(True,); alias=default
(0.000) SELECT `gestion_huerta_categoriainversion`.`id`, `gestion_huerta_categoriainversion`.`nombre`, `gestion_huerta_categoriainversion`.`is_active`, `gestion_huerta_categoriainversion`.`archivado_en` FROM `gestion_huerta_categoriainversion` WHERE `gestion_huerta_categoriainversion`.`is_active` = 1 ORDER BY `gestion_huerta_categoriainversion`.`id` ASC LIMIT 1; args=(True,); alias=default
"GET /huerta/categorias-inversion/?page=1&page_size=100 HTTP/1.1" 200 304
(0.000) SET SESSION TRANSACTION ISOLATION LEVEL READ COMMITTED; args=None; alias=default
(0.000) SELECT `gestion_usuarios_users`.`id`, `gestion_usuarios_users`.`password`, `gestion_usuarios_users`.`last_login`, `gestion_usuarios_users`.`is_superuser`, `gestion_usuarios_users`.`nombre`, `gestion_usuarios_users`.`apellido`, `gestion_usuarios_users`.`telefono`, `gestion_usuarios_users`.`role`, `gestion_usuarios_users`.`is_active`, `gestion_usuarios_users`.`archivado_en`, `gestion_usuarios_users`.`is_staff`, `gestion_usuarios_users`.`intentos_fallidos`, `gestion_usuarios_users`.`must_change_password` FROM `gestion_usuarios_users` WHERE `gestion_usuarios_users`.`id` = 1 LIMIT 21; args=(1,); alias=default
(0.000) SELECT `gestion_huerta_temporada`.`id`, `gestion_huerta_temporada`.`año`, `gestion_huerta_temporada`.`huerta_id`, `gestion_huerta_temporada`.`huerta_rentada_id`, `gestion_huerta_temporada`.`fecha_inicio`, `gestion_huerta_temporada`.`fecha_fin`, `gestion_huerta_temporada`.`finalizada`, `gestion_huerta_temporada`.`is_active`, `gestion_huerta_temporada`.`archivado_en`, `gestion_huerta_huerta`.`id`, `gestion_huerta_huerta`.`nombre`, `gestion_huerta_huerta`.`ubicacion`, `gestion_huerta_huerta`.`variedades`, `gestion_huerta_huerta`.`historial`, `gestion_huerta_huerta`.`hectareas`, `gestion_huerta_huerta`.`is_active`, `gestion_huerta_huerta`.`archivado_en`, `gestion_huerta_huerta`.`propietario_id`, `gestion_huerta_huertarentada`.`id`, `gestion_huerta_huertarentada`.`nombre`, `gestion_huerta_huertarentada`.`ubicacion`, `gestion_huerta_huertarentada`.`variedades`, `gestion_huerta_huertarentada`.`historial`, `gestion_huerta_huertarentada`.`hectareas`, `gestion_huerta_huertarentada`.`propietario_id`, `gestion_huerta_huertarentada`.`monto_renta`, `gestion_huerta_huertarentada`.`is_active`, `gestion_huerta_huertarentada`.`archivado_en` FROM `gestion_huerta_temporada` LEFT OUTER JOIN `gestion_huerta_huerta` ON (`gestion_huerta_temporada`.`huerta_id` = `gestion_huerta_huerta`.`id`) LEFT OUTER JOIN `gestion_huerta_huertarentada` ON (`gestion_huerta_temporada`.`huerta_rentada_id` = `gestion_huerta_huertarentada`.`id`) WHERE `gestion_huerta_temporada`.`id` = 1 LIMIT 21; args=(1,); alias=default
(0.000) SELECT `gestion_huerta_propietario`.`id`, `gestion_huerta_propietario`.`nombre`, `gestion_huerta_propietario`.`apellidos`, `gestion_huerta_propietario`.`telefono`, `gestion_huerta_propietario`.`direccion`, `gestion_huerta_propietario`.`is_active`, `gestion_huerta_propietario`.`archivado_en` FROM `gestion_huerta_propietario` WHERE `gestion_huerta_propietario`.`id` = 1 LIMIT 21; args=(1,); alias=default
"GET /huerta/temporadas/1/ HTTP/1.1" 200 231
(0.000) SET SESSION TRANSACTION ISOLATION LEVEL READ COMMITTED; args=None; alias=default
(0.000) SELECT `gestion_usuarios_users`.`id`, `gestion_usuarios_users`.`password`, `gestion_usuarios_users`.`last_login`, `gestion_usuarios_users`.`is_superuser`, `gestion_usuarios_users`.`nombre`, `gestion_usuarios_users`.`apellido`, `gestion_usuarios_users`.`telefono`, `gestion_usuarios_users`.`role`, `gestion_usuarios_users`.`is_active`, `gestion_usuarios_users`.`archivado_en`, `gestion_usuarios_users`.`is_staff`, `gestion_usuarios_users`.`intentos_fallidos`, `gestion_usuarios_users`.`must_change_password` FROM `gestion_usuarios_users` WHERE `gestion_usuarios_users`.`id` = 1 LIMIT 21; args=(1,); alias=default
(0.000) SELECT COUNT(*) AS `__count` FROM `gestion_huerta_categoriainversion` WHERE `gestion_huerta_categoriainversion`.`is_active` = 1; args=(True,); alias=default
(0.000) SELECT `gestion_huerta_categoriainversion`.`id`, `gestion_huerta_categoriainversion`.`nombre`, `gestion_huerta_categoriainversion`.`is_active`, `gestion_huerta_categoriainversion`.`archivado_en` FROM `gestion_huerta_categoriainversion` WHERE `gestion_huerta_categoriainversion`.`is_active` = 1 ORDER BY `gestion_huerta_categoriainversion`.`id` ASC LIMIT 1; args=(True,); alias=default
"GET /huerta/categorias-inversion/?page=1&page_size=100 HTTP/1.1" 200 304
(0.000) SET SESSION TRANSACTION ISOLATION LEVEL READ COMMITTED; args=None; alias=default
(0.000) SELECT `gestion_usuarios_users`.`id`, `gestion_usuarios_users`.`password`, `gestion_usuarios_users`.`last_login`, `gestion_usuarios_users`.`is_superuser`, `gestion_usuarios_users`.`nombre`, `gestion_usuarios_users`.`apellido`, `gestion_usuarios_users`.`telefono`, `gestion_usuarios_users`.`role`, `gestion_usuarios_users`.`is_active`, `gestion_usuarios_users`.`archivado_en`, `gestion_usuarios_users`.`is_staff`, `gestion_usuarios_users`.`intentos_fallidos`, `gestion_usuarios_users`.`must_change_password` FROM `gestion_usuarios_users` WHERE `gestion_usuarios_users`.`id` = 1 LIMIT 21; args=(1,); alias=default
(0.000) SELECT COUNT(*) AS `__count` FROM `gestion_huerta_categoriainversion` WHERE `gestion_huerta_categoriainversion`.`is_active` = 1; args=(True,); alias=default
(0.000) SELECT `gestion_huerta_categoriainversion`.`id`, `gestion_huerta_categoriainversion`.`nombre`, `gestion_huerta_categoriainversion`.`is_active`, `gestion_huerta_categoriainversion`.`archivado_en` FROM `gestion_huerta_categoriainversion` WHERE `gestion_huerta_categoriainversion`.`is_active` = 1 ORDER BY `gestion_huerta_categoriainversion`.`id` ASC LIMIT 1; args=(True,); alias=default
"GET /huerta/categorias-inversion/?page=1&page_size=100 HTTP/1.1" 200 304
(0.000) SET SESSION TRANSACTION ISOLATION LEVEL READ COMMITTED; args=None; alias=default
(0.000) SELECT `gestion_usuarios_users`.`id`, `gestion_usuarios_users`.`password`, `gestion_usuarios_users`.`last_login`, `gestion_usuarios_users`.`is_superuser`, `gestion_usuarios_users`.`nombre`, `gestion_usuarios_users`.`apellido`, `gestion_usuarios_users`.`telefono`, `gestion_usuarios_users`.`role`, `gestion_usuarios_users`.`is_active`, `gestion_usuarios_users`.`archivado_en`, `gestion_usuarios_users`.`is_staff`, `gestion_usuarios_users`.`intentos_fallidos`, `gestion_usuarios_users`.`must_change_password` FROM `gestion_usuarios_users` WHERE `gestion_usuarios_users`.`id` = 1 LIMIT 21; args=(1,); alias=default
(0.000) SELECT COUNT(*) AS `__count` FROM `gestion_huerta_categoriainversion` WHERE `gestion_huerta_categoriainversion`.`is_active` = 1; args=(True,); alias=default
(0.000) SELECT `gestion_huerta_categoriainversion`.`id`, `gestion_huerta_categoriainversion`.`nombre`, `gestion_huerta_categoriainversion`.`is_active`, `gestion_huerta_categoriainversion`.`archivado_en` FROM `gestion_huerta_categoriainversion` WHERE `gestion_huerta_categoriainversion`.`is_active` = 1 ORDER BY `gestion_huerta_categoriainversion`.`id` ASC LIMIT 1; args=(True,); alias=default
"GET /huerta/categorias-inversion/?page=1&page_size=100 HTTP/1.1" 200 304
(0.000) SET SESSION TRANSACTION ISOLATION LEVEL READ COMMITTED; args=None; alias=default
(0.000) SELECT `gestion_usuarios_users`.`id`, `gestion_usuarios_users`.`password`, `gestion_usuarios_users`.`last_login`, `gestion_usuarios_users`.`is_superuser`, `gestion_usuarios_users`.`nombre`, `gestion_usuarios_users`.`apellido`, `gestion_usuarios_users`.`telefono`, `gestion_usuarios_users`.`role`, `gestion_usuarios_users`.`is_active`, `gestion_usuarios_users`.`archivado_en`, `gestion_usuarios_users`.`is_staff`, `gestion_usuarios_users`.`intentos_fallidos`, `gestion_usuarios_users`.`must_change_password` FROM `gestion_usuarios_users` WHERE `gestion_usuarios_users`.`id` = 1 LIMIT 21; args=(1,); alias=default
(0.000) SELECT COUNT(*) AS `__count` FROM `gestion_huerta_categoriainversion` WHERE `gestion_huerta_categoriainversion`.`is_active` = 1; args=(True,); alias=default
(0.000) SELECT `gestion_huerta_categoriainversion`.`id`, `gestion_huerta_categoriainversion`.`nombre`, `gestion_huerta_categoriainversion`.`is_active`, `gestion_huerta_categoriainversion`.`archivado_en` FROM `gestion_huerta_categoriainversion` WHERE `gestion_huerta_categoriainversion`.`is_active` = 1 ORDER BY `gestion_huerta_categoriainversion`.`id` ASC LIMIT 1; args=(True,); alias=default
"GET /huerta/categorias-inversion/?page=1&page_size=100 HTTP/1.1" 200 304
"OPTIONS /huerta/inversiones/?temporada=1&cosecha=1&page=1&page_size=10&huerta=1&estado=activas HTTP/1.1" 200 0
(0.000) SET SESSION TRANSACTION ISOLATION LEVEL READ COMMITTED; args=None; alias=default
(0.000) SELECT `gestion_usuarios_users`.`id`, `gestion_usuarios_users`.`password`, `gestion_usuarios_users`.`last_login`, `gestion_usuarios_users`.`is_superuser`, `gestion_usuarios_users`.`nombre`, `gestion_usuarios_users`.`apellido`, `gestion_usuarios_users`.`telefono`, `gestion_usuarios_users`.`role`, `gestion_usuarios_users`.`is_active`, `gestion_usuarios_users`.`archivado_en`, `gestion_usuarios_users`.`is_staff`, `gestion_usuarios_users`.`intentos_fallidos`, `gestion_usuarios_users`.`must_change_password` FROM `gestion_usuarios_users` WHERE `gestion_usuarios_users`.`id` = 1 LIMIT 21; args=(1,); alias=default
(0.000) SELECT `gestion_huerta_cosecha`.`id`, `gestion_huerta_cosecha`.`nombre`, `gestion_huerta_cosecha`.`temporada_id`, `gestion_huerta_cosecha`.`huerta_id`, `gestion_huerta_cosecha`.`huerta_rentada_id`, `gestion_huerta_cosecha`.`fecha_creacion`, `gestion_huerta_cosecha`.`fecha_inicio`, `gestion_huerta_cosecha`.`fecha_fin`, `gestion_huerta_cosecha`.`finalizada`, `gestion_huerta_cosecha`.`is_active`, `gestion_huerta_cosecha`.`archivado_en` FROM `gestion_huerta_cosecha` WHERE `gestion_huerta_cosecha`.`id` = 1 LIMIT 21; args=(1,); alias=default
(0.000) SELECT `gestion_huerta_temporada`.`id`, `gestion_huerta_temporada`.`año`, `gestion_huerta_temporada`.`huerta_id`, `gestion_huerta_temporada`.`huerta_rentada_id`, `gestion_huerta_temporada`.`fecha_inicio`, `gestion_huerta_temporada`.`fecha_fin`, `gestion_huerta_temporada`.`finalizada`, `gestion_huerta_temporada`.`is_active`, `gestion_huerta_temporada`.`archivado_en` FROM `gestion_huerta_temporada` WHERE `gestion_huerta_temporada`.`id` = 1 LIMIT 21; args=(1,); alias=default
(0.000) SELECT `gestion_huerta_huerta`.`id`, `gestion_huerta_huerta`.`nombre`, `gestion_huerta_huerta`.`ubicacion`, `gestion_huerta_huerta`.`variedades`, `gestion_huerta_huerta`.`historial`, `gestion_huerta_huerta`.`hectareas`, `gestion_huerta_huerta`.`is_active`, `gestion_huerta_huerta`.`archivado_en`, `gestion_huerta_huerta`.`propietario_id` FROM `gestion_huerta_huerta` WHERE `gestion_huerta_huerta`.`id` = 1 LIMIT 21; args=(1,); alias=default
(0.000) SELECT COUNT(*) AS `__count` FROM `gestion_huerta_inversioneshuerta` WHERE (`gestion_huerta_inversioneshuerta`.`is_active` = 1 AND `gestion_huerta_inversioneshuerta`.`cosecha_id` = 1 AND `gestion_huerta_inversioneshuerta`.`temporada_id` = 1 AND `gestion_huerta_inversioneshuerta`.`huerta_id` = 1); args=(True, 1, 1, 1); alias=default
"GET /huerta/inversiones/?temporada=1&cosecha=1&page=1&page_size=10&huerta=1&estado=activas HTTP/1.1" 200 232
(0.000) SET SESSION TRANSACTION ISOLATION LEVEL READ COMMITTED; args=None; alias=default
(0.000) SELECT `gestion_usuarios_users`.`id`, `gestion_usuarios_users`.`password`, `gestion_usuarios_users`.`last_login`, `gestion_usuarios_users`.`is_superuser`, `gestion_usuarios_users`.`nombre`, `gestion_usuarios_users`.`apellido`, `gestion_usuarios_users`.`telefono`, `gestion_usuarios_users`.`role`, `gestion_usuarios_users`.`is_active`, `gestion_usuarios_users`.`archivado_en`, `gestion_usuarios_users`.`is_staff`, `gestion_usuarios_users`.`intentos_fallidos`, `gestion_usuarios_users`.`must_change_password` FROM `gestion_usuarios_users` WHERE `gestion_usuarios_users`.`id` = 1 LIMIT 21; args=(1,); alias=default
(0.000) SELECT COUNT(*) AS `__count` FROM `gestion_huerta_categoriainversion` WHERE `gestion_huerta_categoriainversion`.`is_active` = 1; args=(True,); alias=default
(0.000) SELECT `gestion_huerta_categoriainversion`.`id`, `gestion_huerta_categoriainversion`.`nombre`, `gestion_huerta_categoriainversion`.`is_active`, `gestion_huerta_categoriainversion`.`archivado_en` FROM `gestion_huerta_categoriainversion` WHERE `gestion_huerta_categoriainversion`.`is_active` = 1 ORDER BY `gestion_huerta_categoriainversion`.`id` ASC LIMIT 1; args=(True,); alias=default
"GET /huerta/categorias-inversion/?page=1&page_size=100 HTTP/1.1" 200 304
"OPTIONS /huerta/inversiones/ HTTP/1.1" 200 0
(0.000) SET SESSION TRANSACTION ISOLATION LEVEL READ COMMITTED; args=None; alias=default
(0.000) SELECT `gestion_usuarios_users`.`id`, `gestion_usuarios_users`.`password`, `gestion_usuarios_users`.`last_login`, `gestion_usuarios_users`.`is_superuser`, `gestion_usuarios_users`.`nombre`, `gestion_usuarios_users`.`apellido`, `gestion_usuarios_users`.`telefono`, `gestion_usuarios_users`.`role`, `gestion_usuarios_users`.`is_active`, `gestion_usuarios_users`.`archivado_en`, `gestion_usuarios_users`.`is_staff`, `gestion_usuarios_users`.`intentos_fallidos`, `gestion_usuarios_users`.`must_change_password` FROM `gestion_usuarios_users` WHERE `gestion_usuarios_users`.`id` = 1 LIMIT 21; args=(1,); alias=default
(0.000) SELECT `gestion_huerta_cosecha`.`id`, `gestion_huerta_cosecha`.`fecha_inicio` FROM `gestion_huerta_cosecha` WHERE `gestion_huerta_cosecha`.`id` = 1 ORDER BY `gestion_huerta_cosecha`.`id` DESC LIMIT 1; args=(1,); alias=default
(0.000) SELECT `gestion_huerta_categoriainversion`.`id`, `gestion_huerta_categoriainversion`.`nombre`, `gestion_huerta_categoriainversion`.`is_active`, `gestion_huerta_categoriainversion`.`archivado_en` FROM `gestion_huerta_categoriainversion` WHERE `gestion_huerta_categoriainversion`.`id` = 1 LIMIT 21; args=(1,); alias=default
(0.016) SELECT `gestion_huerta_cosecha`.`id`, `gestion_huerta_cosecha`.`nombre`, `gestion_huerta_cosecha`.`temporada_id`, `gestion_huerta_cosecha`.`huerta_id`, `gestion_huerta_cosecha`.`huerta_rentada_id`, `gestion_huerta_cosecha`.`fecha_creacion`, `gestion_huerta_cosecha`.`fecha_inicio`, `gestion_huerta_cosecha`.`fecha_fin`, `gestion_huerta_cosecha`.`finalizada`, `gestion_huerta_cosecha`.`is_active`, `gestion_huerta_cosecha`.`archivado_en` FROM `gestion_huerta_cosecha` WHERE `gestion_huerta_cosecha`.`id` = 1 LIMIT 21; args=(1,); alias=default
(0.000) SELECT `gestion_huerta_temporada`.`id`, `gestion_huerta_temporada`.`año`, `gestion_huerta_temporada`.`huerta_id`, `gestion_huerta_temporada`.`huerta_rentada_id`, `gestion_huerta_temporada`.`fecha_inicio`, `gestion_huerta_temporada`.`fecha_fin`, `gestion_huerta_temporada`.`finalizada`, `gestion_huerta_temporada`.`is_active`, `gestion_huerta_temporada`.`archivado_en` FROM `gestion_huerta_temporada` WHERE `gestion_huerta_temporada`.`id` = 1 LIMIT 21; args=(1,); alias=default
(0.000) SELECT `gestion_huerta_huerta`.`id`, `gestion_huerta_huerta`.`nombre`, `gestion_huerta_huerta`.`ubicacion`, `gestion_huerta_huerta`.`variedades`, `gestion_huerta_huerta`.`historial`, `gestion_huerta_huerta`.`hectareas`, `gestion_huerta_huerta`.`is_active`, `gestion_huerta_huerta`.`archivado_en`, `gestion_huerta_huerta`.`propietario_id` FROM `gestion_huerta_huerta` WHERE `gestion_huerta_huerta`.`id` = 1 LIMIT 21; args=(1,); alias=default
(0.000) SELECT `gestion_huerta_temporada`.`id`, `gestion_huerta_temporada`.`año`, `gestion_huerta_temporada`.`huerta_id`, `gestion_huerta_temporada`.`huerta_rentada_id`, `gestion_huerta_temporada`.`fecha_inicio`, `gestion_huerta_temporada`.`fecha_fin`, `gestion_huerta_temporada`.`finalizada`, `gestion_huerta_temporada`.`is_active`, `gestion_huerta_temporada`.`archivado_en` FROM `gestion_huerta_temporada` WHERE `gestion_huerta_temporada`.`id` = 1 LIMIT 21; args=(1,); alias=default
(0.015) SELECT 1 AS `a` FROM `gestion_huerta_categoriainversion` WHERE `gestion_huerta_categoriainversion`.`id` = 1 LIMIT 1; args=(1, 1); alias=default
(0.000) SELECT 1 AS `a` FROM `gestion_huerta_cosecha` WHERE `gestion_huerta_cosecha`.`id` = 1 LIMIT 1; args=(1, 1); alias=default
(0.000) SELECT 1 AS `a` FROM `gestion_huerta_temporada` WHERE `gestion_huerta_temporada`.`id` = 1 LIMIT 1; args=(1, 1); alias=default
(0.000) SELECT 1 AS `a` FROM `gestion_huerta_huerta` WHERE `gestion_huerta_huerta`.`id` = 1 LIMIT 1; args=(1, 1); alias=default
(0.000) INSERT INTO `gestion_huerta_inversioneshuerta` (`categoria_id`, `fecha`, `descripcion`, `gastos_insumos`, `gastos_mano_obra`, `cosecha_id`, `temporada_id`, `huerta_id`, `huerta_rentada_id`, `is_active`, `archivado_en`) VALUES (1, '2025-08-08', '', 8500.00, 6500.00, 1, 1, 1, NULL, 1, NULL); args=[1, '2025-08-08', '', Decimal('8500.00'), Decimal('6500.00'), 1, 1, 1, None, True, None]; alias=default
(0.000) SELECT `gestion_huerta_propietario`.`id`, `gestion_huerta_propietario`.`nombre`, `gestion_huerta_propietario`.`apellidos`, `gestion_huerta_propietario`.`telefono`, `gestion_huerta_propietario`.`direccion`, `gestion_huerta_propietario`.`is_active`, `gestion_huerta_propietario`.`archivado_en` FROM `gestion_huerta_propietario` WHERE `gestion_huerta_propietario`.`id` = 1 LIMIT 21; args=(1,); alias=default
(0.000) INSERT INTO `gestion_usuarios_registroactividad` (`usuario_id`, `accion`, `fecha_hora`, `detalles`, `ip`) VALUES (1, 'Creó Fumigacion aerea – 2025-08-08 – El pedregal (Victor Rios)', '2025-08-09 04:07:15.980810', NULL, '127.0.0.1'); args=[1, 'Creó Fumigacion aerea – 2025-08-08 – El pedregal (Victor Rios)', '2025-08-09 04:07:15.980810', None, '127.0.0.1']; alias=default
(0.000) INSERT INTO `gestion_usuarios_registroactividad` (`usuario_id`, `accion`, `fecha_hora`, `detalles`, `ip`) VALUES (1, 'Creó inversión 1 en cosecha 1', '2025-08-09 04:07:15.982802', NULL, NULL); args=[1, 'Creó inversión 1 en cosecha 1', '2025-08-09 04:07:15.982802', None, None]; alias=default
"POST /huerta/inversiones/ HTTP/1.1" 201 419
"OPTIONS /huerta/inversiones/?temporada=1&cosecha=1&page=1&page_size=10&huerta=1&fecha_desde=2025-08-01&estado=activas HTTP/1.1" 200 0
(0.000) SET SESSION TRANSACTION ISOLATION LEVEL READ COMMITTED; args=None; alias=default
(0.000) SELECT `gestion_usuarios_users`.`id`, `gestion_usuarios_users`.`password`, `gestion_usuarios_users`.`last_login`, `gestion_usuarios_users`.`is_superuser`, `gestion_usuarios_users`.`nombre`, `gestion_usuarios_users`.`apellido`, `gestion_usuarios_users`.`telefono`, `gestion_usuarios_users`.`role`, `gestion_usuarios_users`.`is_active`, `gestion_usuarios_users`.`archivado_en`, `gestion_usuarios_users`.`is_staff`, `gestion_usuarios_users`.`intentos_fallidos`, `gestion_usuarios_users`.`must_change_password` FROM `gestion_usuarios_users` WHERE `gestion_usuarios_users`.`id` = 1 LIMIT 21; args=(1,); alias=default
(0.000) SELECT `gestion_huerta_cosecha`.`id`, `gestion_huerta_cosecha`.`nombre`, `gestion_huerta_cosecha`.`temporada_id`, `gestion_huerta_cosecha`.`huerta_id`, `gestion_huerta_cosecha`.`huerta_rentada_id`, `gestion_huerta_cosecha`.`fecha_creacion`, `gestion_huerta_cosecha`.`fecha_inicio`, `gestion_huerta_cosecha`.`fecha_fin`, `gestion_huerta_cosecha`.`finalizada`, `gestion_huerta_cosecha`.`is_active`, `gestion_huerta_cosecha`.`archivado_en` FROM `gestion_huerta_cosecha` WHERE `gestion_huerta_cosecha`.`id` = 1 LIMIT 21; args=(1,); alias=default
(0.000) SELECT `gestion_huerta_temporada`.`id`, `gestion_huerta_temporada`.`año`, `gestion_huerta_temporada`.`huerta_id`, `gestion_huerta_temporada`.`huerta_rentada_id`, `gestion_huerta_temporada`.`fecha_inicio`, `gestion_huerta_temporada`.`fecha_fin`, `gestion_huerta_temporada`.`finalizada`, `gestion_huerta_temporada`.`is_active`, `gestion_huerta_temporada`.`archivado_en` FROM `gestion_huerta_temporada` WHERE `gestion_huerta_temporada`.`id` = 1 LIMIT 21; args=(1,); alias=default
(0.000) SELECT `gestion_huerta_huerta`.`id`, `gestion_huerta_huerta`.`nombre`, `gestion_huerta_huerta`.`ubicacion`, `gestion_huerta_huerta`.`variedades`, `gestion_huerta_huerta`.`historial`, `gestion_huerta_huerta`.`hectareas`, `gestion_huerta_huerta`.`is_active`, `gestion_huerta_huerta`.`archivado_en`, `gestion_huerta_huerta`.`propietario_id` FROM `gestion_huerta_huerta` WHERE `gestion_huerta_huerta`.`id` = 1 LIMIT 21; args=(1,); alias=default
(0.016) SELECT COUNT(*) AS `__count` FROM `gestion_huerta_inversioneshuerta` WHERE (`gestion_huerta_inversioneshuerta`.`is_active` = 1 AND `gestion_huerta_inversioneshuerta`.`fecha` >= '2025-08-01' AND `gestion_huerta_inversioneshuerta`.`cosecha_id` = 1 AND `gestion_huerta_inversioneshuerta`.`temporada_id` = 1 AND `gestion_huerta_inversioneshuerta`.`huerta_id` = 1); args=(True, '2025-08-01', 1, 1, 1); alias=default
(0.000) SELECT `gestion_huerta_inversioneshuerta`.`id`, `gestion_huerta_inversioneshuerta`.`categoria_id`, `gestion_huerta_inversioneshuerta`.`fecha`, `gestion_huerta_inversioneshuerta`.`descripcion`, `gestion_huerta_inversioneshuerta`.`gastos_insumos`, `gestion_huerta_inversioneshuerta`.`gastos_mano_obra`, `gestion_huerta_inversioneshuerta`.`cosecha_id`, `gestion_huerta_inversioneshuerta`.`temporada_id`, `gestion_huerta_inversioneshuerta`.`huerta_id`, `gestion_huerta_inversioneshuerta`.`huerta_rentada_id`, `gestion_huerta_inversioneshuerta`.`is_active`, `gestion_huerta_inversioneshuerta`.`archivado_en`, `gestion_huerta_categoriainversion`.`id`, `gestion_huerta_categoriainversion`.`nombre`, `gestion_huerta_categoriainversion`.`is_active`, `gestion_huerta_categoriainversion`.`archivado_en`, `gestion_huerta_cosecha`.`id`, `gestion_huerta_cosecha`.`nombre`, `gestion_huerta_cosecha`.`temporada_id`, `gestion_huerta_cosecha`.`huerta_id`, `gestion_huerta_cosecha`.`huerta_rentada_id`, `gestion_huerta_cosecha`.`fecha_creacion`, `gestion_huerta_cosecha`.`fecha_inicio`, `gestion_huerta_cosecha`.`fecha_fin`, `gestion_huerta_cosecha`.`finalizada`, `gestion_huerta_cosecha`.`is_active`, `gestion_huerta_cosecha`.`archivado_en`, `gestion_huerta_temporada`.`id`, `gestion_huerta_temporada`.`año`, `gestion_huerta_temporada`.`huerta_id`, `gestion_huerta_temporada`.`huerta_rentada_id`, `gestion_huerta_temporada`.`fecha_inicio`, `gestion_huerta_temporada`.`fecha_fin`, `gestion_huerta_temporada`.`finalizada`, `gestion_huerta_temporada`.`is_active`, `gestion_huerta_temporada`.`archivado_en`, `gestion_huerta_huerta`.`id`, `gestion_huerta_huerta`.`nombre`, `gestion_huerta_huerta`.`ubicacion`, `gestion_huerta_huerta`.`variedades`, `gestion_huerta_huerta`.`historial`, `gestion_huerta_huerta`.`hectareas`, `gestion_huerta_huerta`.`is_active`, `gestion_huerta_huerta`.`archivado_en`, `gestion_huerta_huerta`.`propietario_id`, `gestion_huerta_huertarentada`.`id`, `gestion_huerta_huertarentada`.`nombre`, `gestion_huerta_huertarentada`.`ubicacion`, `gestion_huerta_huertarentada`.`variedades`, `gestion_huerta_huertarentada`.`historial`, `gestion_huerta_huertarentada`.`hectareas`, `gestion_huerta_huertarentada`.`propietario_id`, `gestion_huerta_huertarentada`.`monto_renta`, `gestion_huerta_huertarentada`.`is_active`, `gestion_huerta_huertarentada`.`archivado_en` FROM `gestion_huerta_inversioneshuerta` INNER JOIN `gestion_huerta_cosecha` ON (`gestion_huerta_inversioneshuerta`.`cosecha_id` = `gestion_huerta_cosecha`.`id`) INNER JOIN `gestion_huerta_temporada` ON (`gestion_huerta_inversioneshuerta`.`temporada_id` = `gestion_huerta_temporada`.`id`) INNER JOIN `gestion_huerta_huerta` ON (`gestion_huerta_inversioneshuerta`.`huerta_id` = `gestion_huerta_huerta`.`id`) INNER JOIN `gestion_huerta_categoriainversion` ON (`gestion_huerta_inversioneshuerta`.`categoria_id` = `gestion_huerta_categoriainversion`.`id`) LEFT OUTER JOIN `gestion_huerta_huertarentada` ON (`gestion_huerta_inversioneshuerta`.`huerta_rentada_id` = `gestion_huerta_huertarentada`.`id`) WHERE (`gestion_huerta_inversioneshuerta`.`is_active` = 1 AND `gestion_huerta_inversioneshuerta`.`fecha` >= '2025-08-01' AND `gestion_huerta_inversioneshuerta`.`cosecha_id` = 1 AND `gestion_huerta_inversioneshuerta`.`temporada_id` = 1 AND `gestion_huerta_inversioneshuerta`.`huerta_id` = 1) ORDER BY `gestion_huerta_inversioneshuerta`.`fecha` DESC, `gestion_huerta_inversioneshuerta`.`id` DESC LIMIT 1; args=(True, '2025-08-01', 1, 1, 1); alias=default
"GET /huerta/inversiones/?temporada=1&cosecha=1&page=1&page_size=10&huerta=1&fecha_desde=2025-08-01&estado=activas HTTP/1.1" 200 472
File C:\Program Files\WindowsApps\PythonSoftwareFoundation.Python.3.12_3.12.2800.0_x64__qbz5n2kfra8p0\Lib\_strptime.py first seen with mtime 1742009234.8798223
"OPTIONS /huerta/inversiones/?temporada=1&cosecha=1&page=1&page_size=10&huerta=1&fecha_desde=2025-08-01&fecha_hasta=2025-08-06&estado=activas HTTP/1.1" 200 0
(0.000) SET SESSION TRANSACTION ISOLATION LEVEL READ COMMITTED; args=None; alias=default
(0.000) SELECT `gestion_usuarios_users`.`id`, `gestion_usuarios_users`.`password`, `gestion_usuarios_users`.`last_login`, `gestion_usuarios_users`.`is_superuser`, `gestion_usuarios_users`.`nombre`, `gestion_usuarios_users`.`apellido`, `gestion_usuarios_users`.`telefono`, `gestion_usuarios_users`.`role`, `gestion_usuarios_users`.`is_active`, `gestion_usuarios_users`.`archivado_en`, `gestion_usuarios_users`.`is_staff`, `gestion_usuarios_users`.`intentos_fallidos`, `gestion_usuarios_users`.`must_change_password` FROM `gestion_usuarios_users` WHERE `gestion_usuarios_users`.`id` = 1 LIMIT 21; args=(1,); alias=default
(0.000) SELECT `gestion_huerta_cosecha`.`id`, `gestion_huerta_cosecha`.`nombre`, `gestion_huerta_cosecha`.`temporada_id`, `gestion_huerta_cosecha`.`huerta_id`, `gestion_huerta_cosecha`.`huerta_rentada_id`, `gestion_huerta_cosecha`.`fecha_creacion`, `gestion_huerta_cosecha`.`fecha_inicio`, `gestion_huerta_cosecha`.`fecha_fin`, `gestion_huerta_cosecha`.`finalizada`, `gestion_huerta_cosecha`.`is_active`, `gestion_huerta_cosecha`.`archivado_en` FROM `gestion_huerta_cosecha` WHERE `gestion_huerta_cosecha`.`id` = 1 LIMIT 21; args=(1,); alias=default
(0.000) SELECT `gestion_huerta_temporada`.`id`, `gestion_huerta_temporada`.`año`, `gestion_huerta_temporada`.`huerta_id`, `gestion_huerta_temporada`.`huerta_rentada_id`, `gestion_huerta_temporada`.`fecha_inicio`, `gestion_huerta_temporada`.`fecha_fin`, `gestion_huerta_temporada`.`finalizada`, `gestion_huerta_temporada`.`is_active`, `gestion_huerta_temporada`.`archivado_en` FROM `gestion_huerta_temporada` WHERE `gestion_huerta_temporada`.`id` = 1 LIMIT 21; args=(1,); alias=default
(0.000) SELECT `gestion_huerta_huerta`.`id`, `gestion_huerta_huerta`.`nombre`, `gestion_huerta_huerta`.`ubicacion`, `gestion_huerta_huerta`.`variedades`, `gestion_huerta_huerta`.`historial`, `gestion_huerta_huerta`.`hectareas`, `gestion_huerta_huerta`.`is_active`, `gestion_huerta_huerta`.`archivado_en`, `gestion_huerta_huerta`.`propietario_id` FROM `gestion_huerta_huerta` WHERE `gestion_huerta_huerta`.`id` = 1 LIMIT 21; args=(1,); alias=default
(0.000) SELECT COUNT(*) AS `__count` FROM `gestion_huerta_inversioneshuerta` WHERE (`gestion_huerta_inversioneshuerta`.`is_active` = 1 AND `gestion_huerta_inversioneshuerta`.`fecha` >= '2025-08-01' AND `gestion_huerta_inversioneshuerta`.`fecha` <= '2025-08-06' AND `gestion_huerta_inversioneshuerta`.`cosecha_id` = 1 AND `gestion_huerta_inversioneshuerta`.`temporada_id` = 1 AND `gestion_huerta_inversioneshuerta`.`huerta_id` = 1); args=(True, '2025-08-01', '2025-08-06', 1, 1, 1); alias=default
"GET /huerta/inversiones/?temporada=1&cosecha=1&page=1&page_size=10&huerta=1&fecha_desde=2025-08-01&fecha_hasta=2025-08-06&estado=activas HTTP/1.1" 200 232
(0.000) SET SESSION TRANSACTION ISOLATION LEVEL READ COMMITTED; args=None; alias=default
(0.000) SELECT `gestion_usuarios_users`.`id`, `gestion_usuarios_users`.`password`, `gestion_usuarios_users`.`last_login`, `gestion_usuarios_users`.`is_superuser`, `gestion_usuarios_users`.`nombre`, `gestion_usuarios_users`.`apellido`, `gestion_usuarios_users`.`telefono`, `gestion_usuarios_users`.`role`, `gestion_usuarios_users`.`is_active`, `gestion_usuarios_users`.`archivado_en`, `gestion_usuarios_users`.`is_staff`, `gestion_usuarios_users`.`intentos_fallidos`, `gestion_usuarios_users`.`must_change_password` FROM `gestion_usuarios_users` WHERE `gestion_usuarios_users`.`id` = 1 LIMIT 21; args=(1,); alias=default
(0.000) SELECT `gestion_huerta_cosecha`.`id`, `gestion_huerta_cosecha`.`nombre`, `gestion_huerta_cosecha`.`temporada_id`, `gestion_huerta_cosecha`.`huerta_id`, `gestion_huerta_cosecha`.`huerta_rentada_id`, `gestion_huerta_cosecha`.`fecha_creacion`, `gestion_huerta_cosecha`.`fecha_inicio`, `gestion_huerta_cosecha`.`fecha_fin`, `gestion_huerta_cosecha`.`finalizada`, `gestion_huerta_cosecha`.`is_active`, `gestion_huerta_cosecha`.`archivado_en` FROM `gestion_huerta_cosecha` WHERE `gestion_huerta_cosecha`.`id` = 1 LIMIT 21; args=(1,); alias=default
(0.000) SELECT `gestion_huerta_temporada`.`id`, `gestion_huerta_temporada`.`año`, `gestion_huerta_temporada`.`huerta_id`, `gestion_huerta_temporada`.`huerta_rentada_id`, `gestion_huerta_temporada`.`fecha_inicio`, `gestion_huerta_temporada`.`fecha_fin`, `gestion_huerta_temporada`.`finalizada`, `gestion_huerta_temporada`.`is_active`, `gestion_huerta_temporada`.`archivado_en` FROM `gestion_huerta_temporada` WHERE `gestion_huerta_temporada`.`id` = 1 LIMIT 21; args=(1,); alias=default
(0.000) SELECT `gestion_huerta_huerta`.`id`, `gestion_huerta_huerta`.`nombre`, `gestion_huerta_huerta`.`ubicacion`, `gestion_huerta_huerta`.`variedades`, `gestion_huerta_huerta`.`historial`, `gestion_huerta_huerta`.`hectareas`, `gestion_huerta_huerta`.`is_active`, `gestion_huerta_huerta`.`archivado_en`, `gestion_huerta_huerta`.`propietario_id` FROM `gestion_huerta_huerta` WHERE `gestion_huerta_huerta`.`id` = 1 LIMIT 21; args=(1,); alias=default
(0.000) SELECT COUNT(*) AS `__count` FROM `gestion_huerta_inversioneshuerta` WHERE (`gestion_huerta_inversioneshuerta`.`is_active` = 1 AND `gestion_huerta_inversioneshuerta`.`cosecha_id` = 1 AND `gestion_huerta_inversioneshuerta`.`temporada_id` = 1 AND `gestion_huerta_inversioneshuerta`.`huerta_id` = 1); args=(True, 1, 1, 1); alias=default
(0.000) SELECT `gestion_huerta_inversioneshuerta`.`id`, `gestion_huerta_inversioneshuerta`.`categoria_id`, `gestion_huerta_inversioneshuerta`.`fecha`, `gestion_huerta_inversioneshuerta`.`descripcion`, `gestion_huerta_inversioneshuerta`.`gastos_insumos`, `gestion_huerta_inversioneshuerta`.`gastos_mano_obra`, `gestion_huerta_inversioneshuerta`.`cosecha_id`, `gestion_huerta_inversioneshuerta`.`temporada_id`, `gestion_huerta_inversioneshuerta`.`huerta_id`, `gestion_huerta_inversioneshuerta`.`huerta_rentada_id`, `gestion_huerta_inversioneshuerta`.`is_active`, `gestion_huerta_inversioneshuerta`.`archivado_en`, `gestion_huerta_categoriainversion`.`id`, `gestion_huerta_categoriainversion`.`nombre`, `gestion_huerta_categoriainversion`.`is_active`, `gestion_huerta_categoriainversion`.`archivado_en`, `gestion_huerta_cosecha`.`id`, `gestion_huerta_cosecha`.`nombre`, `gestion_huerta_cosecha`.`temporada_id`, `gestion_huerta_cosecha`.`huerta_id`, `gestion_huerta_cosecha`.`huerta_rentada_id`, `gestion_huerta_cosecha`.`fecha_creacion`, `gestion_huerta_cosecha`.`fecha_inicio`, `gestion_huerta_cosecha`.`fecha_fin`, `gestion_huerta_cosecha`.`finalizada`, `gestion_huerta_cosecha`.`is_active`, `gestion_huerta_cosecha`.`archivado_en`, `gestion_huerta_temporada`.`id`, `gestion_huerta_temporada`.`año`, `gestion_huerta_temporada`.`huerta_id`, `gestion_huerta_temporada`.`huerta_rentada_id`, `gestion_huerta_temporada`.`fecha_inicio`, `gestion_huerta_temporada`.`fecha_fin`, `gestion_huerta_temporada`.`finalizada`, `gestion_huerta_temporada`.`is_active`, `gestion_huerta_temporada`.`archivado_en`, `gestion_huerta_huerta`.`id`, `gestion_huerta_huerta`.`nombre`, `gestion_huerta_huerta`.`ubicacion`, `gestion_huerta_huerta`.`variedades`, `gestion_huerta_huerta`.`historial`, `gestion_huerta_huerta`.`hectareas`, `gestion_huerta_huerta`.`is_active`, `gestion_huerta_huerta`.`archivado_en`, `gestion_huerta_huerta`.`propietario_id`, `gestion_huerta_huertarentada`.`id`, `gestion_huerta_huertarentada`.`nombre`, `gestion_huerta_huertarentada`.`ubicacion`, `gestion_huerta_huertarentada`.`variedades`, `gestion_huerta_huertarentada`.`historial`, `gestion_huerta_huertarentada`.`hectareas`, `gestion_huerta_huertarentada`.`propietario_id`, `gestion_huerta_huertarentada`.`monto_renta`, `gestion_huerta_huertarentada`.`is_active`, `gestion_huerta_huertarentada`.`archivado_en` FROM `gestion_huerta_inversioneshuerta` INNER JOIN `gestion_huerta_cosecha` ON (`gestion_huerta_inversioneshuerta`.`cosecha_id` = `gestion_huerta_cosecha`.`id`) INNER JOIN `gestion_huerta_temporada` ON (`gestion_huerta_inversioneshuerta`.`temporada_id` = `gestion_huerta_temporada`.`id`) INNER JOIN `gestion_huerta_huerta` ON (`gestion_huerta_inversioneshuerta`.`huerta_id` = `gestion_huerta_huerta`.`id`) INNER JOIN `gestion_huerta_categoriainversion` ON (`gestion_huerta_inversioneshuerta`.`categoria_id` = `gestion_huerta_categoriainversion`.`id`) LEFT OUTER JOIN `gestion_huerta_huertarentada` ON (`gestion_huerta_inversioneshuerta`.`huerta_rentada_id` = `gestion_huerta_huertarentada`.`id`) WHERE (`gestion_huerta_inversioneshuerta`.`is_active` = 1 AND `gestion_huerta_inversioneshuerta`.`cosecha_id` = 1 AND `gestion_huerta_inversioneshuerta`.`temporada_id` = 1 AND `gestion_huerta_inversioneshuerta`.`huerta_id` = 1) ORDER BY `gestion_huerta_inversioneshuerta`.`fecha` DESC, `gestion_huerta_inversioneshuerta`.`id` DESC LIMIT 1; args=(True, 1, 1, 1); alias=default
"GET /huerta/inversiones/?temporada=1&cosecha=1&page=1&page_size=10&huerta=1&estado=activas HTTP/1.1" 200 472
"OPTIONS /huerta/categorias-inversion/?search=fu&page_size=30 HTTP/1.1" 200 0
(0.000) SET SESSION TRANSACTION ISOLATION LEVEL READ COMMITTED; args=None; alias=default
(0.000) SELECT `gestion_usuarios_users`.`id`, `gestion_usuarios_users`.`password`, `gestion_usuarios_users`.`last_login`, `gestion_usuarios_users`.`is_superuser`, `gestion_usuarios_users`.`nombre`, `gestion_usuarios_users`.`apellido`, `gestion_usuarios_users`.`telefono`, `gestion_usuarios_users`.`role`, `gestion_usuarios_users`.`is_active`, `gestion_usuarios_users`.`archivado_en`, `gestion_usuarios_users`.`is_staff`, `gestion_usuarios_users`.`intentos_fallidos`, `gestion_usuarios_users`.`must_change_password` FROM `gestion_usuarios_users` WHERE `gestion_usuarios_users`.`id` = 1 LIMIT 21; args=(1,); alias=default
(0.000) SELECT COUNT(*) AS `__count` FROM `gestion_huerta_categoriainversion` WHERE (`gestion_huerta_categoriainversion`.`is_active` = 1 AND `gestion_huerta_categoriainversion`.`nombre` LIKE '%fu%'); args=(True, '%fu%'); alias=default
(0.000) SELECT `gestion_huerta_categoriainversion`.`id`, `gestion_huerta_categoriainversion`.`nombre`, `gestion_huerta_categoriainversion`.`is_active`, `gestion_huerta_categoriainversion`.`archivado_en` FROM `gestion_huerta_categoriainversion` WHERE (`gestion_huerta_categoriainversion`.`is_active` = 1 AND `gestion_huerta_categoriainversion`.`nombre` LIKE '%fu%') ORDER BY `gestion_huerta_categoriainversion`.`id` ASC LIMIT 1; args=(True, '%fu%'); alias=default
"GET /huerta/categorias-inversion/?search=fu&page_size=30 HTTP/1.1" 200 304
"OPTIONS /huerta/categorias-inversion/?search=Todasm&page_size=30 HTTP/1.1" 200 0
(0.000) SET SESSION TRANSACTION ISOLATION LEVEL READ COMMITTED; args=None; alias=default
(0.000) SELECT `gestion_usuarios_users`.`id`, `gestion_usuarios_users`.`password`, `gestion_usuarios_users`.`last_login`, `gestion_usuarios_users`.`is_superuser`, `gestion_usuarios_users`.`nombre`, `gestion_usuarios_users`.`apellido`, `gestion_usuarios_users`.`telefono`, `gestion_usuarios_users`.`role`, `gestion_usuarios_users`.`is_active`, `gestion_usuarios_users`.`archivado_en`, `gestion_usuarios_users`.`is_staff`, `gestion_usuarios_users`.`intentos_fallidos`, `gestion_usuarios_users`.`must_change_password` FROM `gestion_usuarios_users` WHERE `gestion_usuarios_users`.`id` = 1 LIMIT 21; args=(1,); alias=default
(0.000) SELECT COUNT(*) AS `__count` FROM `gestion_huerta_categoriainversion` WHERE (`gestion_huerta_categoriainversion`.`is_active` = 1 AND `gestion_huerta_categoriainversion`.`nombre` LIKE '%Todasm%'); args=(True, '%Todasm%'); alias=default
"GET /huerta/categorias-inversion/?search=Todasm&page_size=30 HTTP/1.1" 200 231
"OPTIONS /huerta/categorias-inversion/?search=Todasi&page_size=30 HTTP/1.1" 200 0
(0.000) SET SESSION TRANSACTION ISOLATION LEVEL READ COMMITTED; args=None; alias=default
(0.000) SELECT `gestion_usuarios_users`.`id`, `gestion_usuarios_users`.`password`, `gestion_usuarios_users`.`last_login`, `gestion_usuarios_users`.`is_superuser`, `gestion_usuarios_users`.`nombre`, `gestion_usuarios_users`.`apellido`, `gestion_usuarios_users`.`telefono`, `gestion_usuarios_users`.`role`, `gestion_usuarios_users`.`is_active`, `gestion_usuarios_users`.`archivado_en`, `gestion_usuarios_users`.`is_staff`, `gestion_usuarios_users`.`intentos_fallidos`, `gestion_usuarios_users`.`must_change_password` FROM `gestion_usuarios_users` WHERE `gestion_usuarios_users`.`id` = 1 LIMIT 21; args=(1,); alias=default
(0.000) SELECT COUNT(*) AS `__count` FROM `gestion_huerta_categoriainversion` WHERE (`gestion_huerta_categoriainversion`.`is_active` = 1 AND `gestion_huerta_categoriainversion`.`nombre` LIKE '%Todasi%'); args=(True, '%Todasi%'); alias=default
"GET /huerta/categorias-inversion/?search=Todasi&page_size=30 HTTP/1.1" 200 231
"OPTIONS /huerta/categorias-inversion/?search=Toda&page_size=30 HTTP/1.1" 200 0
(0.000) SET SESSION TRANSACTION ISOLATION LEVEL READ COMMITTED; args=None; alias=default
(0.000) SELECT `gestion_usuarios_users`.`id`, `gestion_usuarios_users`.`password`, `gestion_usuarios_users`.`last_login`, `gestion_usuarios_users`.`is_superuser`, `gestion_usuarios_users`.`nombre`, `gestion_usuarios_users`.`apellido`, `gestion_usuarios_users`.`telefono`, `gestion_usuarios_users`.`role`, `gestion_usuarios_users`.`is_active`, `gestion_usuarios_users`.`archivado_en`, `gestion_usuarios_users`.`is_staff`, `gestion_usuarios_users`.`intentos_fallidos`, `gestion_usuarios_users`.`must_change_password` FROM `gestion_usuarios_users` WHERE `gestion_usuarios_users`.`id` = 1 LIMIT 21; args=(1,); alias=default
(0.000) SELECT COUNT(*) AS `__count` FROM `gestion_huerta_categoriainversion` WHERE (`gestion_huerta_categoriainversion`.`is_active` = 1 AND `gestion_huerta_categoriainversion`.`nombre` LIKE '%Toda%'); args=(True, '%Toda%'); alias=default
"GET /huerta/categorias-inversion/?search=Toda&page_size=30 HTTP/1.1" 200 231
(0.000) SET SESSION TRANSACTION ISOLATION LEVEL READ COMMITTED; args=None; alias=default
(0.000) SELECT `gestion_usuarios_users`.`id`, `gestion_usuarios_users`.`password`, `gestion_usuarios_users`.`last_login`, `gestion_usuarios_users`.`is_superuser`, `gestion_usuarios_users`.`nombre`, `gestion_usuarios_users`.`apellido`, `gestion_usuarios_users`.`telefono`, `gestion_usuarios_users`.`role`, `gestion_usuarios_users`.`is_active`, `gestion_usuarios_users`.`archivado_en`, `gestion_usuarios_users`.`is_staff`, `gestion_usuarios_users`.`intentos_fallidos`, `gestion_usuarios_users`.`must_change_password` FROM `gestion_usuarios_users` WHERE `gestion_usuarios_users`.`id` = 1 LIMIT 21; args=(1,); alias=default
(0.000) SELECT COUNT(*) AS `__count` FROM `gestion_huerta_categoriainversion` WHERE (`gestion_huerta_categoriainversion`.`is_active` = 1 AND `gestion_huerta_categoriainversion`.`nombre` LIKE '%Toda%'); args=(True, '%Toda%'); alias=default
"GET /huerta/categorias-inversion/?search=Toda&page_size=30 HTTP/1.1" 200 231
(0.000) SET SESSION TRANSACTION ISOLATION LEVEL READ COMMITTED; args=None; alias=default
(0.000) SELECT `gestion_usuarios_users`.`id`, `gestion_usuarios_users`.`password`, `gestion_usuarios_users`.`last_login`, `gestion_usuarios_users`.`is_superuser`, `gestion_usuarios_users`.`nombre`, `gestion_usuarios_users`.`apellido`, `gestion_usuarios_users`.`telefono`, `gestion_usuarios_users`.`role`, `gestion_usuarios_users`.`is_active`, `gestion_usuarios_users`.`archivado_en`, `gestion_usuarios_users`.`is_staff`, `gestion_usuarios_users`.`intentos_fallidos`, `gestion_usuarios_users`.`must_change_password` FROM `gestion_usuarios_users` WHERE `gestion_usuarios_users`.`id` = 1 LIMIT 21; args=(1,); alias=default
(0.000) SELECT COUNT(*) AS `__count` FROM `gestion_huerta_categoriainversion` WHERE (`gestion_huerta_categoriainversion`.`is_active` = 1 AND `gestion_huerta_categoriainversion`.`nombre` LIKE '%Toda%'); args=(True, '%Toda%'); alias=default
"GET /huerta/categorias-inversion/?search=Toda&page_size=30 HTTP/1.1" 200 231
(0.000) SET SESSION TRANSACTION ISOLATION LEVEL READ COMMITTED; args=None; alias=default
(0.000) SELECT `gestion_usuarios_users`.`id`, `gestion_usuarios_users`.`password`, `gestion_usuarios_users`.`last_login`, `gestion_usuarios_users`.`is_superuser`, `gestion_usuarios_users`.`nombre`, `gestion_usuarios_users`.`apellido`, `gestion_usuarios_users`.`telefono`, `gestion_usuarios_users`.`role`, `gestion_usuarios_users`.`is_active`, `gestion_usuarios_users`.`archivado_en`, `gestion_usuarios_users`.`is_staff`, `gestion_usuarios_users`.`intentos_fallidos`, `gestion_usuarios_users`.`must_change_password` FROM `gestion_usuarios_users` WHERE `gestion_usuarios_users`.`id` = 1 LIMIT 21; args=(1,); alias=default
(0.000) SELECT `gestion_huerta_cosecha`.`id`, `gestion_huerta_cosecha`.`nombre`, `gestion_huerta_cosecha`.`temporada_id`, `gestion_huerta_cosecha`.`huerta_id`, `gestion_huerta_cosecha`.`huerta_rentada_id`, `gestion_huerta_cosecha`.`fecha_creacion`, `gestion_huerta_cosecha`.`fecha_inicio`, `gestion_huerta_cosecha`.`fecha_fin`, `gestion_huerta_cosecha`.`finalizada`, `gestion_huerta_cosecha`.`is_active`, `gestion_huerta_cosecha`.`archivado_en` FROM `gestion_huerta_cosecha` WHERE `gestion_huerta_cosecha`.`id` = 1 LIMIT 21; args=(1,); alias=default
(0.000) SELECT `gestion_huerta_temporada`.`id`, `gestion_huerta_temporada`.`año`, `gestion_huerta_temporada`.`huerta_id`, `gestion_huerta_temporada`.`huerta_rentada_id`, `gestion_huerta_temporada`.`fecha_inicio`, `gestion_huerta_temporada`.`fecha_fin`, `gestion_huerta_temporada`.`finalizada`, `gestion_huerta_temporada`.`is_active`, `gestion_huerta_temporada`.`archivado_en` FROM `gestion_huerta_temporada` WHERE `gestion_huerta_temporada`.`id` = 1 LIMIT 21; args=(1,); alias=default
(0.000) SELECT `gestion_huerta_huerta`.`id`, `gestion_huerta_huerta`.`nombre`, `gestion_huerta_huerta`.`ubicacion`, `gestion_huerta_huerta`.`variedades`, `gestion_huerta_huerta`.`historial`, `gestion_huerta_huerta`.`hectareas`, `gestion_huerta_huerta`.`is_active`, `gestion_huerta_huerta`.`archivado_en`, `gestion_huerta_huerta`.`propietario_id` FROM `gestion_huerta_huerta` WHERE `gestion_huerta_huerta`.`id` = 1 LIMIT 21; args=(1,); alias=default
(0.000) SELECT COUNT(*) AS `__count` FROM `gestion_huerta_inversioneshuerta` WHERE (`gestion_huerta_inversioneshuerta`.`is_active` = 1 AND `gestion_huerta_inversioneshuerta`.`cosecha_id` = 1 AND `gestion_huerta_inversioneshuerta`.`temporada_id` = 1 AND `gestion_huerta_inversioneshuerta`.`huerta_id` = 1); args=(True, 1, 1, 1); alias=default
(0.000) SELECT `gestion_huerta_inversioneshuerta`.`id`, `gestion_huerta_inversioneshuerta`.`categoria_id`, `gestion_huerta_inversioneshuerta`.`fecha`, `gestion_huerta_inversioneshuerta`.`descripcion`, `gestion_huerta_inversioneshuerta`.`gastos_insumos`, `gestion_huerta_inversioneshuerta`.`gastos_mano_obra`, `gestion_huerta_inversioneshuerta`.`cosecha_id`, `gestion_huerta_inversioneshuerta`.`temporada_id`, `gestion_huerta_inversioneshuerta`.`huerta_id`, `gestion_huerta_inversioneshuerta`.`huerta_rentada_id`, `gestion_huerta_inversioneshuerta`.`is_active`, `gestion_huerta_inversioneshuerta`.`archivado_en`, `gestion_huerta_categoriainversion`.`id`, `gestion_huerta_categoriainversion`.`nombre`, `gestion_huerta_categoriainversion`.`is_active`, `gestion_huerta_categoriainversion`.`archivado_en`, `gestion_huerta_cosecha`.`id`, `gestion_huerta_cosecha`.`nombre`, `gestion_huerta_cosecha`.`temporada_id`, `gestion_huerta_cosecha`.`huerta_id`, `gestion_huerta_cosecha`.`huerta_rentada_id`, `gestion_huerta_cosecha`.`fecha_creacion`, `gestion_huerta_cosecha`.`fecha_inicio`, `gestion_huerta_cosecha`.`fecha_fin`, `gestion_huerta_cosecha`.`finalizada`, `gestion_huerta_cosecha`.`is_active`, `gestion_huerta_cosecha`.`archivado_en`, `gestion_huerta_temporada`.`id`, `gestion_huerta_temporada`.`año`, `gestion_huerta_temporada`.`huerta_id`, `gestion_huerta_temporada`.`huerta_rentada_id`, `gestion_huerta_temporada`.`fecha_inicio`, `gestion_huerta_temporada`.`fecha_fin`, `gestion_huerta_temporada`.`finalizada`, `gestion_huerta_temporada`.`is_active`, `gestion_huerta_temporada`.`archivado_en`, `gestion_huerta_huerta`.`id`, `gestion_huerta_huerta`.`nombre`, `gestion_huerta_huerta`.`ubicacion`, `gestion_huerta_huerta`.`variedades`, `gestion_huerta_huerta`.`historial`, `gestion_huerta_huerta`.`hectareas`, `gestion_huerta_huerta`.`is_active`, `gestion_huerta_huerta`.`archivado_en`, `gestion_huerta_huerta`.`propietario_id`, `gestion_huerta_huertarentada`.`id`, `gestion_huerta_huertarentada`.`nombre`, `gestion_huerta_huertarentada`.`ubicacion`, `gestion_huerta_huertarentada`.`variedades`, `gestion_huerta_huertarentada`.`historial`, `gestion_huerta_huertarentada`.`hectareas`, `gestion_huerta_huertarentada`.`propietario_id`, `gestion_huerta_huertarentada`.`monto_renta`, `gestion_huerta_huertarentada`.`is_active`, `gestion_huerta_huertarentada`.`archivado_en` FROM `gestion_huerta_inversioneshuerta` INNER JOIN `gestion_huerta_cosecha` ON (`gestion_huerta_inversioneshuerta`.`cosecha_id` = `gestion_huerta_cosecha`.`id`) INNER JOIN `gestion_huerta_temporada` ON (`gestion_huerta_inversioneshuerta`.`temporada_id` = `gestion_huerta_temporada`.`id`) INNER JOIN `gestion_huerta_huerta` ON (`gestion_huerta_inversioneshuerta`.`huerta_id` = `gestion_huerta_huerta`.`id`) INNER JOIN `gestion_huerta_categoriainversion` ON (`gestion_huerta_inversioneshuerta`.`categoria_id` = `gestion_huerta_categoriainversion`.`id`) LEFT OUTER JOIN `gestion_huerta_huertarentada` ON (`gestion_huerta_inversioneshuerta`.`huerta_rentada_id` = `gestion_huerta_huertarentada`.`id`) WHERE (`gestion_huerta_inversioneshuerta`.`is_active` = 1 AND `gestion_huerta_inversioneshuerta`.`cosecha_id` = 1 AND `gestion_huerta_inversioneshuerta`.`temporada_id` = 1 AND `gestion_huerta_inversioneshuerta`.`huerta_id` = 1) ORDER BY `gestion_huerta_inversioneshuerta`.`fecha` DESC, `gestion_huerta_inversioneshuerta`.`id` DESC LIMIT 1; args=(True, 1, 1, 1); alias=default
"GET /huerta/inversiones/?temporada=1&cosecha=1&page=1&page_size=10&huerta=1&estado=activas HTTP/1.1" 200 472
